2024-11-13 11:04:53.718 INFO  (main) [c: s: r: x: t:] o.e.j.s.Server jetty-10.0.22; built: 2024-06-27T16:03:51.502Z; git: 5c8471e852d377fd726ad9b1692c35ffc5febb09; jvm 21.0.2+13-58
2024-11-13 11:04:54.327 WARN  (main) [c: s: r: x: t:] o.e.j.u.DeprecationWarning Using @Deprecated Class org.eclipse.jetty.servlet.listener.ELContextCleaner
2024-11-13 11:04:54.380 INFO  (main) [c: s: r: x: t:] o.a.s.s.CoreContainerProvider Using logger factory org.apache.logging.slf4j.Log4jLoggerFactory
2024-11-13 11:04:54.394 INFO  (main) [c: s: r: x: t:] o.a.s.s.CoreContainerProvider  ___      _       Welcome to Apache Solr™ version 9.7.0
2024-11-13 11:04:54.394 INFO  (main) [c: s: r: x: t:] o.a.s.s.CoreContainerProvider / __| ___| |_ _   Starting in standalone mode on port 8983
2024-11-13 11:04:54.394 INFO  (main) [c: s: r: x: t:] o.a.s.s.CoreContainerProvider \__ \/ _ \ | '_|  Install dir: /Users/Costanza/Desktop/IR/project/solr-9.7.0
2024-11-13 11:04:54.394 INFO  (main) [c: s: r: x: t:] o.a.s.s.CoreContainerProvider |___/\___/_|_|    Start time: 2024-11-13T11:04:54.394694Z
2024-11-13 11:04:54.399 INFO  (main) [c: s: r: x: t:] o.a.s.s.CoreContainerProvider Solr started with "-XX:+CrashOnOutOfMemoryError" that will crash on any OutOfMemoryError exception. The cause of the OOME will be logged in the crash file at the following path: /Users/Costanza/Desktop/IR/project/solr-9.7.0/server/logs/jvm_crash_61342.log
2024-11-13 11:04:54.610 INFO  (main) [c: s: r: x: t:] o.a.l.s.MemorySegmentIndexInputProvider Using MemorySegmentIndexInput and native madvise support with Java 21 or later; to disable start with -Dorg.apache.lucene.store.MMapDirectory.enableMemorySegments=false
2024-11-13 11:04:54.677 INFO  (main) [c: s: r: x: t:] o.a.l.i.v.PanamaVectorizationProvider Java vector incubator API enabled; uses preferredBitSize=256
2024-11-13 11:04:54.683 INFO  (main) [c: s: r: x: t:] o.a.s.s.CoreContainerProvider Solr Home: /Users/Costanza/Desktop/IR/project/solr-9.7.0/server/solr (source: system property: solr.solr.home)
2024-11-13 11:04:54.715 INFO  (main) [c: s: r: x: t:] o.a.s.c.SolrXmlConfig Loading solr.xml from /Users/Costanza/Desktop/IR/project/solr-9.7.0/server/solr/solr.xml
2024-11-13 11:04:54.774 INFO  (main) [c: s: r: x: t:] o.a.s.c.SolrResourceLoader Added 1 libs to classloader, from paths: [/Users/Costanza/Desktop/IR/project/solr-9.7.0/lib]
2024-11-13 11:04:56.365 INFO  (main) [c: s: r: x: t:] o.a.s.u.t.SimplePropagator Always-on trace id generation enabled.
2024-11-13 11:04:56.949 WARN  (main) [c: s: r: x: t:] o.a.s.u.StartupLoggingUtils Jetty request logging enabled. Will retain logs for last 3 days. See chapter "Configuring Logging" in reference guide for how to configure.
2024-11-13 11:04:56.952 WARN  (main) [c: s: r: x: t:] o.a.s.c.CoreContainer Not all security plugins configured!  authentication=disabled authorization=disabled.  Solr is only as secure as you make it. Consider configuring authentication/authorization before exposing Solr to users internal or external.  See https://s.apache.org/solrsecurity for more info
2024-11-13 11:04:57.243 INFO  (main) [c: s: r: x: t:] o.a.s.c.CorePropertiesLocator Found 0 core definitions underneath /Users/Costanza/Desktop/IR/project/solr-9.7.0/server/solr
2024-11-13 11:04:57.580 WARN  (main) [c: s: r: x: t:] o.g.j.m.i.MessagingBinders A class jakarta.activation.DataSource for a default provider MessageBodyWriter<jakarta.activation.DataSource> was not found. The provider is not available.
2024-11-13 11:04:58.144 INFO  (main) [c: s: r: x: t:] o.a.s.j.SolrRequestAuthorizer Creating a new SolrRequestAuthorizer
2024-11-13 11:04:58.356 INFO  (main) [c: s: r: x: t:] o.e.j.s.h.ContextHandler Started o.e.j.w.WebAppContext@52c8295b{solr-jetty-context.xml,/solr,file:///Users/Costanza/Desktop/IR/project/solr-9.7.0/server/solr-webapp/webapp/,AVAILABLE}{/Users/Costanza/Desktop/IR/project/solr-9.7.0/server/solr-webapp/webapp}
2024-11-13 11:04:58.373 INFO  (main) [c: s: r: x: t:] o.e.j.s.RequestLogWriter Opened /Users/Costanza/Desktop/IR/project/solr-9.7.0/server/logs/2024_11_13.request.log
2024-11-13 11:04:58.379 INFO  (main) [c: s: r: x: t:] o.e.j.s.AbstractConnector Started ServerConnector@51850751{HTTP/1.1, (http/1.1, h2c)}{127.0.0.1:8983}
2024-11-13 11:04:58.382 INFO  (main) [c: s: r: x: t:] o.e.j.s.Server Started Server@4215838f{STARTING}[10.0.22,sto=0] @6968ms
2024-11-13 11:04:59.579 INFO  (qtp230526532-32-localhost-1) [c: s: r: x: t:localhost-1] o.a.s.s.HttpSolrCall [admin] webapp=null path=/admin/info/system params={wt=javabin&version=2} status=0 QTime=85
2024-11-13 11:04:59.631 INFO  (qtp230526532-37-localhost-2) [c: s: r: x: t:localhost-2] o.a.s.s.HttpSolrCall [admin] webapp=null path=/admin/info/system params={wt=javabin&version=2} status=0 QTime=2
2024-11-13 11:04:59.654 INFO  (qtp230526532-37-localhost-3) [c: s: r: x:films t:localhost-3] o.a.s.s.HttpSolrCall [admin] webapp=null path=/admin/cores params={core=films&action=STATUS&indexInfo=true&wt=javabin&version=2} status=0 QTime=1
2024-11-13 11:04:59.775 INFO  (qtp230526532-39-localhost-4) [c: s: r: x:films t:localhost-4] o.a.s.h.a.CoreAdminOperation core create command name=films&action=CREATE&instanceDir=films&wt=javabin&version=2
2024-11-13 11:04:59.836 INFO  (qtp230526532-39-localhost-4) [c: s: r: x:films t:localhost-4] o.a.s.c.SolrConfig Using Lucene MatchVersion: 9.11.0
2024-11-13 11:04:59.978 INFO  (qtp230526532-39-localhost-4) [c: s: r: x:films t:localhost-4] o.a.s.s.IndexSchema Schema name=default-config
2024-11-13 11:05:00.396 INFO  (qtp230526532-39-localhost-4) [c: s: r: x:films t:localhost-4] o.a.s.s.IndexSchema Loaded schema default-config/1.7 with uniqueid field id
2024-11-13 11:05:00.396 INFO  (qtp230526532-39-localhost-4) [c: s: r: x:films t:localhost-4] o.a.s.c.CoreContainer Creating SolrCore 'films' using configuration from instancedir /Users/Costanza/Desktop/IR/project/solr-9.7.0/server/solr/films, trusted=true
2024-11-13 11:05:00.433 INFO  (qtp230526532-39-localhost-4) [c: s: r: x:films t:localhost-4] o.a.s.c.SolrCore Opening new SolrCore at [/Users/Costanza/Desktop/IR/project/solr-9.7.0/server/solr/films], dataDir=[/Users/Costanza/Desktop/IR/project/solr-9.7.0/server/solr/films/data/]
2024-11-13 11:05:01.650 INFO  (qtp230526532-39-localhost-4) [c: s: r: x:films t:localhost-4] o.a.s.j.SolrRequestAuthorizer Creating a new SolrRequestAuthorizer
2024-11-13 11:05:01.688 INFO  (qtp230526532-39-localhost-4) [c: s: r: x:films t:localhost-4] o.a.s.u.UpdateHandler Using UpdateLog implementation: org.apache.solr.update.UpdateLog
2024-11-13 11:05:01.688 INFO  (qtp230526532-39-localhost-4) [c: s: r: x:films t:localhost-4] o.a.s.u.UpdateLog Initializing UpdateLog: dataDir= defaultSyncLevel=FLUSH numRecordsToKeep=100 maxNumLogsToKeep=10 numVersionBuckets=65536
2024-11-13 11:05:01.690 INFO  (qtp230526532-39-localhost-4) [c: s: r: x:films t:localhost-4] o.a.s.u.CommitTracker Hard AutoCommit: if uncommitted for 15000ms; 
2024-11-13 11:05:01.690 INFO  (qtp230526532-39-localhost-4) [c: s: r: x:films t:localhost-4] o.a.s.u.CommitTracker Soft AutoCommit: if uncommitted for 3000ms; 
2024-11-13 11:05:01.805 INFO  (qtp230526532-39-localhost-4) [c: s: r: x:films t:localhost-4] o.a.s.r.ManagedResourceStorage File-based storage initialized to use dir: /Users/Costanza/Desktop/IR/project/solr-9.7.0/server/solr/films/conf
2024-11-13 11:05:01.889 INFO  (qtp230526532-39-localhost-4) [c: s: r: x:films t:localhost-4] o.a.s.s.DirectSolrSpellChecker init: {accuracy=0.5, maxQueryFrequency=0.01, maxEdits=2, minPrefix=1, maxInspections=5, minQueryLength=4, name=default, field=_text_, classname=solr.DirectSolrSpellChecker, distanceMeasure=internal}
2024-11-13 11:05:01.911 INFO  (qtp230526532-39-localhost-4) [c: s: r: x:films t:localhost-4] o.a.s.h.ReplicationHandler Commits will be reserved for 10000 ms
2024-11-13 11:05:01.916 INFO  (searcherExecutor-15-thread-1-processing-films localhost-4) [c: s: r: x:films t:localhost-4] o.a.s.c.QuerySenderListener QuerySenderListener done.
2024-11-13 11:05:01.916 INFO  (searcherExecutor-15-thread-1-processing-films localhost-4) [c: s: r: x:films t:localhost-4] o.a.s.h.c.SpellCheckComponent Loading spell index for spellchecker: default
2024-11-13 11:05:01.921 INFO  (qtp230526532-39-localhost-4) [c: s: r: x: t:localhost-4] o.a.s.s.HttpSolrCall [admin] webapp=null path=/admin/cores params={name=films&action=CREATE&instanceDir=films&wt=javabin&version=2} status=0 QTime=2146
2024-11-13 11:05:01.936 INFO  (searcherExecutor-15-thread-1-processing-films localhost-4) [c: s: r: x:films t:localhost-4] o.a.s.c.SolrCore Registered new searcher autowarm time: 0 ms
2024-11-13 12:36:55.033 INFO  (ShutdownMonitor) [c: s: r: x: t:] o.e.j.s.Server Stopped Server@4215838f{STOPPING}[10.0.22,sto=0]
2024-11-13 12:36:55.038 INFO  (ShutdownMonitor) [c: s: r: x: t:] o.e.j.s.AbstractConnector Stopped ServerConnector@51850751{HTTP/1.1, (http/1.1, h2c)}{127.0.0.1:8983}
2024-11-13 12:36:55.066 INFO  (ShutdownMonitor) [c: s: r: x: t:] o.a.s.c.CoreContainer Shutting down CoreContainer instance=1374431318
2024-11-13 12:36:55.070 INFO  (coreCloseExecutor-21-thread-1) [c: s: r: x:films t:] o.a.s.c.SolrCore CLOSING SolrCore org.apache.solr.core.SolrCore@72d2c74e films
2024-11-13 12:36:55.071 INFO  (coreCloseExecutor-21-thread-1) [c: s: r: x:films t:] o.a.s.m.SolrMetricManager Closing metric reporters for registry=solr.core.films tag=SolrCore@72d2c74e
2024-11-13 12:36:55.141 INFO  (coreCloseExecutor-21-thread-1) [c: s: r: x:films t:] o.a.s.u.DirectUpdateHandler2 Committing on IndexWriter.close()  ... SKIPPED (unnecessary).
2024-11-13 12:36:55.153 INFO  (ShutdownMonitor) [c: s: r: x: t:] o.a.s.m.SolrMetricManager Closing metric reporters for registry=solr.node tag=null
2024-11-13 12:36:55.383 INFO  (ShutdownMonitor) [c: s: r: x: t:] o.a.s.m.SolrMetricManager Closing metric reporters for registry=solr.jvm tag=null
2024-11-13 12:36:55.597 INFO  (ShutdownMonitor) [c: s: r: x: t:] o.a.s.m.SolrMetricManager Closing metric reporters for registry=solr.jetty tag=null
2024-11-13 12:36:55.662 INFO  (ShutdownMonitor) [c: s: r: x: t:] o.e.j.s.h.ContextHandler Stopped o.e.j.w.WebAppContext@52c8295b{solr-jetty-context.xml,/solr,file:///Users/Costanza/Desktop/IR/project/solr-9.7.0/server/solr-webapp/webapp/,STOPPED}{/Users/Costanza/Desktop/IR/project/solr-9.7.0/server/solr-webapp/webapp}
